<?xml version="1.0" encoding="UTF-8"?>
<!-- Generated by org.testng.reporters.JUnitReportReporter -->
<testsuite hostname="DESKTOP-HN4067J" failures="0" tests="1" name="com.crm.comcast.contact.ContactTest" time="24.259" errors="0" timestamp="2022-01-25T19:18:28 IST" skipped="0">
  <testcase classname="com.crm.comcast.contact.ContactTest" name="createContactTest" time="24.259"/>
  <system-out>
    <![CDATA[Navigated to Contacts
Navigated to create new Contact Page
Contact maj singh created Successfully:Pass]]>
  </system-out>
</testsuite> <!-- com.crm.comcast.contact.ContactTest -->
